This is pdfTeX, Version 3.141592653-2.6-1.40.25 (TeX Live 2023) (preloaded format=pdflatex 2024.1.7)  8 JAN 2024 10:30
entering extended mode
 restricted \write18 enabled.
 %&-line parsing enabled.
**Supplemental_Materials.tex
(./Supplemental_Materials.tex
LaTeX2e <2023-11-01>
L3 programming layer <2024-01-04>
(/mnt/ceph/erichs/.TinyTeX/texmf-dist/tex/latex/base/article.cls
Document Class: article 2023/05/17 v1.4n Standard LaTeX document class
(/mnt/ceph/erichs/.TinyTeX/texmf-dist/tex/latex/base/size10.clo
File: size10.clo 2023/05/17 v1.4n Standard LaTeX file (size option)
)
\c@part=\count187
\c@section=\count188
\c@subsection=\count189
\c@subsubsection=\count190
\c@paragraph=\count191
\c@subparagraph=\count192
\c@figure=\count193
\c@table=\count194
\abovecaptionskip=\skip48
\belowcaptionskip=\skip49
\bibindent=\dimen140
) (/mnt/ceph/erichs/.TinyTeX/texmf-dist/tex/latex/amsmath/amsmath.sty
Package: amsmath 2023/05/13 v2.17o AMS math features
\@mathmargin=\skip50
For additional information on amsmath, use the `?' option.
(/mnt/ceph/erichs/.TinyTeX/texmf-dist/tex/latex/amsmath/amstext.sty
Package: amstext 2021/08/26 v2.01 AMS text
(/mnt/ceph/erichs/.TinyTeX/texmf-dist/tex/latex/amsmath/amsgen.sty
File: amsgen.sty 1999/11/30 v2.0 generic functions
\@emptytoks=\toks17
\ex@=\dimen141
)) (/mnt/ceph/erichs/.TinyTeX/texmf-dist/tex/latex/amsmath/amsbsy.sty
Package: amsbsy 1999/11/29 v1.2d Bold Symbols
\pmbraise@=\dimen142
) (/mnt/ceph/erichs/.TinyTeX/texmf-dist/tex/latex/amsmath/amsopn.sty
Package: amsopn 2022/04/08 v2.04 operator names
)
\inf@bad=\count195
LaTeX Info: Redefining \frac on input line 234.
\uproot@=\count196
\leftroot@=\count197
LaTeX Info: Redefining \overline on input line 399.
LaTeX Info: Redefining \colon on input line 410.
\classnum@=\count198
\DOTSCASE@=\count199
LaTeX Info: Redefining \ldots on input line 496.
LaTeX Info: Redefining \dots on input line 499.
LaTeX Info: Redefining \cdots on input line 620.
\Mathstrutbox@=\box51
\strutbox@=\box52
LaTeX Info: Redefining \big on input line 722.
LaTeX Info: Redefining \Big on input line 723.
LaTeX Info: Redefining \bigg on input line 724.
LaTeX Info: Redefining \Bigg on input line 725.
\big@size=\dimen143
LaTeX Font Info:    Redeclaring font encoding OML on input line 743.
LaTeX Font Info:    Redeclaring font encoding OMS on input line 744.
\macc@depth=\count266
LaTeX Info: Redefining \bmod on input line 905.
LaTeX Info: Redefining \pmod on input line 910.
LaTeX Info: Redefining \smash on input line 940.
LaTeX Info: Redefining \relbar on input line 970.
LaTeX Info: Redefining \Relbar on input line 971.
\c@MaxMatrixCols=\count267
\dotsspace@=\muskip16
\c@parentequation=\count268
\dspbrk@lvl=\count269
\tag@help=\toks18
\row@=\count270
\column@=\count271
\maxfields@=\count272
\andhelp@=\toks19
\eqnshift@=\dimen144
\alignsep@=\dimen145
\tagshift@=\dimen146
\tagwidth@=\dimen147
\totwidth@=\dimen148
\lineht@=\dimen149
\@envbody=\toks20
\multlinegap=\skip51
\multlinetaggap=\skip52
\mathdisplay@stack=\toks21
LaTeX Info: Redefining \[ on input line 2953.
LaTeX Info: Redefining \] on input line 2954.
) (/mnt/ceph/erichs/.TinyTeX/texmf-dist/tex/latex/amsfonts/amssymb.sty
Package: amssymb 2013/01/14 v3.01 AMS font symbols
(/mnt/ceph/erichs/.TinyTeX/texmf-dist/tex/latex/amsfonts/amsfonts.sty
Package: amsfonts 2013/01/14 v3.01 Basic AMSFonts support
\symAMSa=\mathgroup4
\symAMSb=\mathgroup5
LaTeX Font Info:    Redeclaring math symbol \hbar on input line 98.
LaTeX Font Info:    Overwriting math alphabet `\mathfrak' in version `bold'
(Font)                  U/euf/m/n --> U/euf/b/n on input line 106.
)) (/mnt/ceph/erichs/.TinyTeX/texmf-dist/tex/latex/lm/lmodern.sty
Package: lmodern 2015/05/01 v1.6.1 Latin Modern Fonts
LaTeX Font Info:    Overwriting symbol font `operators' in version `normal'
(Font)                  OT1/cmr/m/n --> OT1/lmr/m/n on input line 22.
LaTeX Font Info:    Overwriting symbol font `letters' in version `normal'
(Font)                  OML/cmm/m/it --> OML/lmm/m/it on input line 23.
LaTeX Font Info:    Overwriting symbol font `symbols' in version `normal'
(Font)                  OMS/cmsy/m/n --> OMS/lmsy/m/n on input line 24.
LaTeX Font Info:    Overwriting symbol font `largesymbols' in version `normal'
(Font)                  OMX/cmex/m/n --> OMX/lmex/m/n on input line 25.
LaTeX Font Info:    Overwriting symbol font `operators' in version `bold'
(Font)                  OT1/cmr/bx/n --> OT1/lmr/bx/n on input line 26.
LaTeX Font Info:    Overwriting symbol font `letters' in version `bold'
(Font)                  OML/cmm/b/it --> OML/lmm/b/it on input line 27.
LaTeX Font Info:    Overwriting symbol font `symbols' in version `bold'
(Font)                  OMS/cmsy/b/n --> OMS/lmsy/b/n on input line 28.
LaTeX Font Info:    Overwriting symbol font `largesymbols' in version `bold'
(Font)                  OMX/cmex/m/n --> OMX/lmex/m/n on input line 29.
LaTeX Font Info:    Overwriting math alphabet `\mathbf' in version `normal'
(Font)                  OT1/cmr/bx/n --> OT1/lmr/bx/n on input line 31.
LaTeX Font Info:    Overwriting math alphabet `\mathsf' in version `normal'
(Font)                  OT1/cmss/m/n --> OT1/lmss/m/n on input line 32.
LaTeX Font Info:    Overwriting math alphabet `\mathit' in version `normal'
(Font)                  OT1/cmr/m/it --> OT1/lmr/m/it on input line 33.
LaTeX Font Info:    Overwriting math alphabet `\mathtt' in version `normal'
(Font)                  OT1/cmtt/m/n --> OT1/lmtt/m/n on input line 34.
LaTeX Font Info:    Overwriting math alphabet `\mathbf' in version `bold'
(Font)                  OT1/cmr/bx/n --> OT1/lmr/bx/n on input line 35.
LaTeX Font Info:    Overwriting math alphabet `\mathsf' in version `bold'
(Font)                  OT1/cmss/bx/n --> OT1/lmss/bx/n on input line 36.
LaTeX Font Info:    Overwriting math alphabet `\mathit' in version `bold'
(Font)                  OT1/cmr/bx/it --> OT1/lmr/bx/it on input line 37.
LaTeX Font Info:    Overwriting math alphabet `\mathtt' in version `bold'
(Font)                  OT1/cmtt/m/n --> OT1/lmtt/m/n on input line 38.
) (/mnt/ceph/erichs/.TinyTeX/texmf-dist/tex/generic/iftex/ifxetex.sty
Package: ifxetex 2019/10/25 v0.7 ifxetex legacy package. Use iftex instead.
(/mnt/ceph/erichs/.TinyTeX/texmf-dist/tex/generic/iftex/iftex.sty
Package: iftex 2022/02/03 v1.0f TeX engine tests
)) (/mnt/ceph/erichs/.TinyTeX/texmf-dist/tex/generic/iftex/ifluatex.sty
Package: ifluatex 2019/10/25 v1.5 ifluatex legacy package. Use iftex instead.
) (/mnt/ceph/erichs/.TinyTeX/texmf-dist/tex/latex/base/fontenc.sty
Package: fontenc 2021/04/29 v2.0v Standard LaTeX package
LaTeX Font Info:    Trying to load font information for T1+lmr on input line 112.
(/mnt/ceph/erichs/.TinyTeX/texmf-dist/tex/latex/lm/t1lmr.fd
File: t1lmr.fd 2015/05/01 v1.6.1 Font defs for Latin Modern
)) (/mnt/ceph/erichs/.TinyTeX/texmf-dist/tex/latex/base/inputenc.sty
Package: inputenc 2021/02/14 v1.3d Input encoding file
\inpenc@prehook=\toks22
\inpenc@posthook=\toks23
) (/mnt/ceph/erichs/.TinyTeX/texmf-dist/tex/latex/base/textcomp.sty
Package: textcomp 2020/02/02 v2.0n Standard LaTeX package
) (/mnt/ceph/erichs/.TinyTeX/texmf-dist/tex/latex/xcolor/xcolor.sty
Package: xcolor 2023/11/15 v3.01 LaTeX color extensions (UK)
(/mnt/ceph/erichs/.TinyTeX/texmf-dist/tex/latex/graphics-cfg/color.cfg
File: color.cfg 2016/01/02 v1.6 sample color configuration
)
Package xcolor Info: Driver file: pdftex.def on input line 274.
(/mnt/ceph/erichs/.TinyTeX/texmf-dist/tex/latex/graphics-def/pdftex.def
File: pdftex.def 2022/09/22 v1.2b Graphics/color driver for pdftex
) (/mnt/ceph/erichs/.TinyTeX/texmf-dist/tex/latex/graphics/mathcolor.ltx)
Package xcolor Info: Model `cmy' substituted by `cmy0' on input line 1350.
Package xcolor Info: Model `hsb' substituted by `rgb' on input line 1354.
Package xcolor Info: Model `RGB' extended on input line 1366.
Package xcolor Info: Model `HTML' substituted by `rgb' on input line 1368.
Package xcolor Info: Model `Hsb' substituted by `hsb' on input line 1369.
Package xcolor Info: Model `tHsb' substituted by `hsb' on input line 1370.
Package xcolor Info: Model `HSB' substituted by `hsb' on input line 1371.
Package xcolor Info: Model `Gray' substituted by `gray' on input line 1372.
Package xcolor Info: Model `wave' substituted by `hsb' on input line 1373.
) (/mnt/ceph/erichs/.TinyTeX/texmf-dist/tex/latex/hyperref/hyperref.sty
Package: hyperref 2023-11-26 v7.01g Hypertext links for LaTeX
(/mnt/ceph/erichs/.TinyTeX/texmf-dist/tex/generic/infwarerr/infwarerr.sty
Package: infwarerr 2019/12/03 v1.5 Providing info/warning/error messages (HO)
) (/mnt/ceph/erichs/.TinyTeX/texmf-dist/tex/latex/graphics/keyval.sty
Package: keyval 2022/05/29 v1.15 key=value parser (DPC)
\KV@toks@=\toks24
) (/mnt/ceph/erichs/.TinyTeX/texmf-dist/tex/latex/kvsetkeys/kvsetkeys.sty
Package: kvsetkeys 2022-10-05 v1.19 Key value parser (HO)
) (/mnt/ceph/erichs/.TinyTeX/texmf-dist/tex/generic/kvdefinekeys/kvdefinekeys.sty
Package: kvdefinekeys 2019-12-19 v1.6 Define keys (HO)
) (/mnt/ceph/erichs/.TinyTeX/texmf-dist/tex/generic/pdfescape/pdfescape.sty
Package: pdfescape 2019/12/09 v1.15 Implements pdfTeX's escape features (HO)
(/mnt/ceph/erichs/.TinyTeX/texmf-dist/tex/generic/ltxcmds/ltxcmds.sty
Package: ltxcmds 2023-12-04 v1.26 LaTeX kernel commands for general use (HO)
) (/mnt/ceph/erichs/.TinyTeX/texmf-dist/tex/generic/pdftexcmds/pdftexcmds.sty
Package: pdftexcmds 2020-06-27 v0.33 Utility functions of pdfTeX for LuaTeX (HO)
Package pdftexcmds Info: \pdf@primitive is available.
Package pdftexcmds Info: \pdf@ifprimitive is available.
Package pdftexcmds Info: \pdfdraftmode found.
)) (/mnt/ceph/erichs/.TinyTeX/texmf-dist/tex/latex/hycolor/hycolor.sty
Package: hycolor 2020-01-27 v1.10 Color options for hyperref/bookmark (HO)
) (/mnt/ceph/erichs/.TinyTeX/texmf-dist/tex/latex/letltxmacro/letltxmacro.sty
Package: letltxmacro 2019/12/03 v1.6 Let assignment for LaTeX macros (HO)
) (/mnt/ceph/erichs/.TinyTeX/texmf-dist/tex/latex/auxhook/auxhook.sty
Package: auxhook 2019-12-17 v1.6 Hooks for auxiliary files (HO)
) (/mnt/ceph/erichs/.TinyTeX/texmf-dist/tex/latex/hyperref/nameref.sty
Package: nameref 2023-11-26 v2.56 Cross-referencing by name of section
(/mnt/ceph/erichs/.TinyTeX/texmf-dist/tex/latex/refcount/refcount.sty
Package: refcount 2019/12/15 v3.6 Data extraction from label references (HO)
) (/mnt/ceph/erichs/.TinyTeX/texmf-dist/tex/generic/gettitlestring/gettitlestring.sty
Package: gettitlestring 2019/12/15 v1.6 Cleanup title references (HO)
(/mnt/ceph/erichs/.TinyTeX/texmf-dist/tex/latex/kvoptions/kvoptions.sty
Package: kvoptions 2022-06-15 v3.15 Key value format for package options (HO)
))
\c@section@level=\count273
) (/mnt/ceph/erichs/.TinyTeX/texmf-dist/tex/latex/etoolbox/etoolbox.sty
Package: etoolbox 2020/10/05 v2.5k e-TeX tools for LaTeX (JAW)
\etb@tempcnta=\count274
)
\@linkdim=\dimen150
\Hy@linkcounter=\count275
\Hy@pagecounter=\count276
(/mnt/ceph/erichs/.TinyTeX/texmf-dist/tex/latex/hyperref/pd1enc.def
File: pd1enc.def 2023-11-26 v7.01g Hyperref: PDFDocEncoding definition (HO)
Now handling font encoding PD1 ...
... no UTF-8 mapping file for font encoding PD1
) (/mnt/ceph/erichs/.TinyTeX/texmf-dist/tex/generic/intcalc/intcalc.sty
Package: intcalc 2019/12/15 v1.3 Expandable calculations with integers (HO)
)
\Hy@SavedSpaceFactor=\count277
(/mnt/ceph/erichs/.TinyTeX/texmf-dist/tex/latex/hyperref/puenc.def
File: puenc.def 2023-11-26 v7.01g Hyperref: PDF Unicode definition (HO)
Now handling font encoding PU ...
... no UTF-8 mapping file for font encoding PU
)
Package hyperref Info: Option `unicode' set `true' on input line 4064.
Package hyperref Info: Hyper figures OFF on input line 4181.
Package hyperref Info: Link nesting OFF on input line 4186.
Package hyperref Info: Hyper index ON on input line 4189.
Package hyperref Info: Plain pages OFF on input line 4196.
Package hyperref Info: Backreferencing OFF on input line 4201.
Package hyperref Info: Implicit mode ON; LaTeX internals redefined.
Package hyperref Info: Bookmarks ON on input line 4448.
\c@Hy@tempcnt=\count278
(/mnt/ceph/erichs/.TinyTeX/texmf-dist/tex/latex/url/url.sty
\Urlmuskip=\muskip17
Package: url 2013/09/16  ver 3.4  Verb mode for urls, etc.
)
LaTeX Info: Redefining \url on input line 4786.
\XeTeXLinkMargin=\dimen151
(/mnt/ceph/erichs/.TinyTeX/texmf-dist/tex/generic/bitset/bitset.sty
Package: bitset 2019/12/09 v1.3 Handle bit-vector datatype (HO)
(/mnt/ceph/erichs/.TinyTeX/texmf-dist/tex/generic/bigintcalc/bigintcalc.sty
Package: bigintcalc 2019/12/15 v1.5 Expandable calculations on big integers (HO)
))
\Fld@menulength=\count279
\Field@Width=\dimen152
\Fld@charsize=\dimen153
Package hyperref Info: Hyper figures OFF on input line 6065.
Package hyperref Info: Link nesting OFF on input line 6070.
Package hyperref Info: Hyper index ON on input line 6073.
Package hyperref Info: backreferencing OFF on input line 6080.
Package hyperref Info: Link coloring OFF on input line 6085.
Package hyperref Info: Link coloring with OCG OFF on input line 6090.
Package hyperref Info: PDF/A mode OFF on input line 6095.
(/mnt/ceph/erichs/.TinyTeX/texmf-dist/tex/latex/base/atbegshi-ltx.sty
Package: atbegshi-ltx 2021/01/10 v1.0c Emulation of the original atbegshi
package with kernel methods
)
\Hy@abspage=\count280
\c@Item=\count281
\c@Hfootnote=\count282
)
Package hyperref Info: Driver (autodetected): hpdftex.
(/mnt/ceph/erichs/.TinyTeX/texmf-dist/tex/latex/hyperref/hpdftex.def
File: hpdftex.def 2023-11-26 v7.01g Hyperref driver for pdfTeX
(/mnt/ceph/erichs/.TinyTeX/texmf-dist/tex/latex/base/atveryend-ltx.sty
Package: atveryend-ltx 2020/08/19 v1.0a Emulation of the original atveryend package
with kernel methods
)
\Fld@listcount=\count283
\c@bookmark@seq@number=\count284
(/mnt/ceph/erichs/.TinyTeX/texmf-dist/tex/latex/rerunfilecheck/rerunfilecheck.sty
Package: rerunfilecheck 2022-07-10 v1.10 Rerun checks for auxiliary files (HO)
(/mnt/ceph/erichs/.TinyTeX/texmf-dist/tex/generic/uniquecounter/uniquecounter.sty
Package: uniquecounter 2019/12/15 v1.4 Provide unlimited unique counter (HO)
)
Package uniquecounter Info: New unique counter `rerunfilecheck' on input line 285.
)
\Hy@SectionHShift=\skip53
) (/mnt/ceph/erichs/.TinyTeX/texmf-dist/tex/latex/geometry/geometry.sty
Package: geometry 2020/01/02 v5.9 Page Geometry
(/mnt/ceph/erichs/.TinyTeX/texmf-dist/tex/generic/iftex/ifvtex.sty
Package: ifvtex 2019/10/25 v1.7 ifvtex legacy package. Use iftex instead.
)
\Gm@cnth=\count285
\Gm@cntv=\count286
\c@Gm@tempcnt=\count287
\Gm@bindingoffset=\dimen154
\Gm@wd@mp=\dimen155
\Gm@odd@mp=\dimen156
\Gm@even@mp=\dimen157
\Gm@layoutwidth=\dimen158
\Gm@layoutheight=\dimen159
\Gm@layouthoffset=\dimen160
\Gm@layoutvoffset=\dimen161
\Gm@dimlist=\toks25
) (/mnt/ceph/erichs/.TinyTeX/texmf-dist/tex/latex/graphics/graphicx.sty
Package: graphicx 2021/09/16 v1.2d Enhanced LaTeX Graphics (DPC,SPQR)
(/mnt/ceph/erichs/.TinyTeX/texmf-dist/tex/latex/graphics/graphics.sty
Package: graphics 2022/03/10 v1.4e Standard LaTeX Graphics (DPC,SPQR)
(/mnt/ceph/erichs/.TinyTeX/texmf-dist/tex/latex/graphics/trig.sty
Package: trig 2021/08/11 v1.11 sin cos tan (DPC)
) (/mnt/ceph/erichs/.TinyTeX/texmf-dist/tex/latex/graphics-cfg/graphics.cfg
File: graphics.cfg 2016/06/04 v1.11 sample graphics configuration
)
Package graphics Info: Driver file: pdftex.def on input line 107.
)
\Gin@req@height=\dimen162
\Gin@req@width=\dimen163
) (/mnt/ceph/erichs/.TinyTeX/texmf-dist/tex/latex/pdflscape/pdflscape.sty
Package: pdflscape 2022-10-27 v0.13 Display of landscape pages in PDF
(/mnt/ceph/erichs/.TinyTeX/texmf-dist/tex/latex/pdflscape/pdflscape-nometadata.sty
Package: pdflscape-nometadata 2022-10-28 v0.13 Display of landscape pages in PDF (HO)
(/mnt/ceph/erichs/.TinyTeX/texmf-dist/tex/latex/graphics/lscape.sty
Package: lscape 2020/05/28 v3.02 Landscape Pages (DPC)
)
Package pdflscape Info: Auto-detected driver: pdftex on input line 81.
)) (/mnt/ceph/erichs/.TinyTeX/texmf-dist/tex/latex/setspace/setspace.sty
Package: setspace 2022/12/04 v6.7b set line spacing
) (/mnt/ceph/erichs/.TinyTeX/texmf-dist/tex/latex/booktabs/booktabs.sty
Package: booktabs 2020/01/12 v1.61803398 Publication quality tables
\heavyrulewidth=\dimen164
\lightrulewidth=\dimen165
\cmidrulewidth=\dimen166
\belowrulesep=\dimen167
\belowbottomsep=\dimen168
\aboverulesep=\dimen169
\abovetopsep=\dimen170
\cmidrulesep=\dimen171
\cmidrulekern=\dimen172
\defaultaddspace=\dimen173
\@cmidla=\count288
\@cmidlb=\count289
\@aboverulesep=\dimen174
\@belowrulesep=\dimen175
\@thisruleclass=\count290
\@lastruleclass=\count291
\@thisrulewidth=\dimen176
) (/mnt/ceph/erichs/.TinyTeX/texmf-dist/tex/latex/tools/longtable.sty
Package: longtable 2023-11-01 v4.19 Multi-page Table package (DPC)
\LTleft=\skip54
\LTright=\skip55
\LTpre=\skip56
\LTpost=\skip57
\LTchunksize=\count292
\LTcapwidth=\dimen177
\LT@head=\box53
\LT@firsthead=\box54
\LT@foot=\box55
\LT@lastfoot=\box56
\LT@gbox=\box57
\LT@cols=\count293
\LT@rows=\count294
\c@LT@tables=\count295
\c@LT@chunks=\count296
\LT@p@ftn=\toks26
) (/mnt/ceph/erichs/.TinyTeX/texmf-dist/tex/latex/tools/array.sty
Package: array 2023/10/16 v2.5g Tabular extension package (FMi)
\col@sep=\dimen178
\ar@mcellbox=\box58
\extrarowheight=\dimen179
\NC@list=\toks27
\extratabsurround=\skip58
\backup@length=\skip59
\ar@cellbox=\box59
) (/mnt/ceph/erichs/.TinyTeX/texmf-dist/tex/latex/multirow/multirow.sty
Package: multirow 2021/03/15 v2.8 Span multiple rows of a table
\multirow@colwidth=\skip60
\multirow@cntb=\count297
\multirow@dima=\skip61
\bigstrutjot=\dimen180
) (/mnt/ceph/erichs/.TinyTeX/texmf-dist/tex/latex/wrapfig/wrapfig.sty
\wrapoverhang=\dimen181
\WF@size=\dimen182
\c@WF@wrappedlines=\count298
\WF@box=\box60
\WF@everypar=\toks28
Package: wrapfig 2003/01/31  v 3.6
) (/mnt/ceph/erichs/.TinyTeX/texmf-dist/tex/latex/float/float.sty
Package: float 2001/11/08 v1.3d Float enhancements (AL)
\c@float@type=\count299
\float@exts=\toks29
\float@box=\box61
\@float@everytoks=\toks30
\@floatcapt=\box62
) (/mnt/ceph/erichs/.TinyTeX/texmf-dist/tex/latex/colortbl/colortbl.sty
Package: colortbl 2022/06/20 v1.0f Color table columns (DPC)
\everycr=\toks31
\minrowclearance=\skip62
\rownum=\count300
) (/mnt/ceph/erichs/.TinyTeX/texmf-dist/tex/latex/tabu/tabu.sty
Package: tabu 2019/01/11 v2.9 - flexible LaTeX tabulars (FC+tabu-fixed)
(/mnt/ceph/erichs/.TinyTeX/texmf-dist/tex/latex/varwidth/varwidth.sty
Package: varwidth 2009/03/30 ver 0.92;  Variable-width minipages
\@vwid@box=\box63
\sift@deathcycles=\count301
\@vwid@loff=\dimen183
\@vwid@roff=\dimen184
)
\c@taburow=\count302
\tabu@nbcols=\count303
\tabu@cnt=\count304
\tabu@Xcol=\count305
\tabu@alloc=\count306
\tabu@nested=\count307
\tabu@target=\dimen185
\tabu@spreadtarget=\dimen186
\tabu@naturalX=\dimen187
\tabucolX=\dimen188
\tabu@Xsum=\dimen189
\extrarowdepth=\dimen190
\abovetabulinesep=\dimen191
\belowtabulinesep=\dimen192
\tabustrutrule=\dimen193
\tabu@thebody=\toks32
\tabu@footnotes=\toks33
\tabu@box=\box64
\tabu@arstrutbox=\box65
\tabu@hleads=\box66
\tabu@vleads=\box67
\tabu@cellskip=\skip63
) (/mnt/ceph/erichs/.TinyTeX/texmf-dist/tex/latex/threeparttable/threeparttable.sty
Package: threeparttable 2003/06/13  v 3.0
\@tempboxb=\box68
) (/mnt/ceph/erichs/.TinyTeX/texmf-dist/tex/latex/threeparttablex/threeparttablex.sty
Package: threeparttablex 2013/07/23 v0.3 by daleif
(/mnt/ceph/erichs/.TinyTeX/texmf-dist/tex/latex/environ/environ.sty
Package: environ 2014/05/04 v0.3 A new way to define environments
(/mnt/ceph/erichs/.TinyTeX/texmf-dist/tex/latex/trimspaces/trimspaces.sty
Package: trimspaces 2009/09/17 v1.1 Trim spaces around a token list
))
\TPTL@width=\skip64
) (/mnt/ceph/erichs/.TinyTeX/texmf-dist/tex/generic/ulem/ulem.sty
\UL@box=\box69
\UL@hyphenbox=\box70
\UL@skip=\skip65
\UL@hook=\toks34
\UL@height=\dimen194
\UL@pe=\count308
\UL@pixel=\dimen195
\ULC@box=\box71
Package: ulem 2019/11/18
\ULdepth=\dimen196
) (/mnt/ceph/erichs/.TinyTeX/texmf-dist/tex/latex/makecell/makecell.sty
Package: makecell 2009/08/03 V0.1e Managing of Tab Column Heads and Cells
\rotheadsize=\dimen197
\c@nlinenum=\count309
\TeXr@lab=\toks35
) (/mnt/ceph/erichs/.TinyTeX/texmf-dist/tex/latex/l3backend/l3backend-pdftex.def
File: l3backend-pdftex.def 2024-01-04 L3 backend support: PDF output (pdfTeX)
\l__color_backend_stack_int=\count310
\l__pdf_internal_box=\box72
) (./Supplemental_Materials.aux

LaTeX Warning: Label `tab:unnamed-chunk-2' multiply defined.


LaTeX Warning: Label `tab:unnamed-chunk-2' multiply defined.


LaTeX Warning: Label `tab:unnamed-chunk-19' multiply defined.

)
\openout1 = `Supplemental_Materials.aux'.

LaTeX Font Info:    Checking defaults for OML/cmm/m/it on input line 108.
LaTeX Font Info:    ... okay on input line 108.
LaTeX Font Info:    Checking defaults for OMS/cmsy/m/n on input line 108.
LaTeX Font Info:    ... okay on input line 108.
LaTeX Font Info:    Checking defaults for OT1/cmr/m/n on input line 108.
LaTeX Font Info:    ... okay on input line 108.
LaTeX Font Info:    Checking defaults for T1/cmr/m/n on input line 108.
LaTeX Font Info:    ... okay on input line 108.
LaTeX Font Info:    Checking defaults for TS1/cmr/m/n on input line 108.
LaTeX Font Info:    ... okay on input line 108.
LaTeX Font Info:    Checking defaults for OMX/cmex/m/n on input line 108.
LaTeX Font Info:    ... okay on input line 108.
LaTeX Font Info:    Checking defaults for U/cmr/m/n on input line 108.
LaTeX Font Info:    ... okay on input line 108.
LaTeX Font Info:    Checking defaults for PD1/pdf/m/n on input line 108.
LaTeX Font Info:    ... okay on input line 108.
LaTeX Font Info:    Checking defaults for PU/pdf/m/n on input line 108.
LaTeX Font Info:    ... okay on input line 108.
(/mnt/ceph/erichs/.TinyTeX/texmf-dist/tex/latex/epstopdf-pkg/epstopdf-base.sty
Package: epstopdf-base 2020-01-24 v2.11 Base part for package epstopdf
Package epstopdf-base Info: Redefining graphics rule for `.eps' on input line 485.
(/mnt/ceph/erichs/.TinyTeX/texmf-dist/tex/latex/latexconfig/epstopdf-sys.cfg
File: epstopdf-sys.cfg 2010/07/13 v1.3 Configuration of (r)epstopdf for TeX Live
))
Package hyperref Info: Link coloring OFF on input line 108.
(./Supplemental_Materials.out) (./Supplemental_Materials.out)
\@outlinefile=\write3
\openout3 = `Supplemental_Materials.out'.

*geometry* driver: auto-detecting
*geometry* detected driver: pdftex
*geometry* verbose mode - [ preamble ] result:
* driver: pdftex
* paper: <default>
* layout: <same size as paper>
* layoutoffset:(h,v)=(0.0pt,0.0pt)
* modes: 
* h-part:(L,W,R)=(72.26999pt, 469.75502pt, 72.26999pt)
* v-part:(T,H,B)=(72.26999pt, 650.43001pt, 72.26999pt)
* \paperwidth=614.295pt
* \paperheight=794.96999pt
* \textwidth=469.75502pt
* \textheight=650.43001pt
* \oddsidemargin=0.0pt
* \evensidemargin=0.0pt
* \topmargin=-37.0pt
* \headheight=12.0pt
* \headsep=25.0pt
* \topskip=10.0pt
* \footskip=30.0pt
* \marginparwidth=65.0pt
* \marginparsep=11.0pt
* \columnsep=10.0pt
* \skip\footins=9.0pt plus 4.0pt minus 2.0pt
* \hoffset=0.0pt
* \voffset=0.0pt
* \mag=1000
* \@twocolumnfalse
* \@twosidefalse
* \@mparswitchfalse
* \@reversemarginfalse
* (1in=72.27pt=25.4mm, 1cm=28.453pt)

LaTeX Font Info:    Trying to load font information for OT1+lmr on input line 110.
(/mnt/ceph/erichs/.TinyTeX/texmf-dist/tex/latex/lm/ot1lmr.fd
File: ot1lmr.fd 2015/05/01 v1.6.1 Font defs for Latin Modern
)
LaTeX Font Info:    Trying to load font information for OML+lmm on input line 110.
(/mnt/ceph/erichs/.TinyTeX/texmf-dist/tex/latex/lm/omllmm.fd
File: omllmm.fd 2015/05/01 v1.6.1 Font defs for Latin Modern
)
LaTeX Font Info:    Trying to load font information for OMS+lmsy on input line 110.
(/mnt/ceph/erichs/.TinyTeX/texmf-dist/tex/latex/lm/omslmsy.fd
File: omslmsy.fd 2015/05/01 v1.6.1 Font defs for Latin Modern
)
LaTeX Font Info:    Trying to load font information for OMX+lmex on input line 110.
(/mnt/ceph/erichs/.TinyTeX/texmf-dist/tex/latex/lm/omxlmex.fd
File: omxlmex.fd 2015/05/01 v1.6.1 Font defs for Latin Modern
)
LaTeX Font Info:    External font `lmex10' loaded for size
(Font)              <12> on input line 110.
LaTeX Font Info:    External font `lmex10' loaded for size
(Font)              <8> on input line 110.
LaTeX Font Info:    External font `lmex10' loaded for size
(Font)              <6> on input line 110.
LaTeX Font Info:    Trying to load font information for U+msa on input line 110.
(/mnt/ceph/erichs/.TinyTeX/texmf-dist/tex/latex/amsfonts/umsa.fd
File: umsa.fd 2013/01/14 v3.01 AMS symbols A
)
LaTeX Font Info:    Trying to load font information for U+msb on input line 110.
(/mnt/ceph/erichs/.TinyTeX/texmf-dist/tex/latex/amsfonts/umsb.fd
File: umsb.fd 2013/01/14 v3.01 AMS symbols B
)
Overfull \hbox (17.13689pt too wide) in paragraph at lines 110--110
 [][] 
 []


Overfull \hbox (34.28856pt too wide) in paragraph at lines 110--110
 [] 
 []


Overfull \hbox (42.84573pt too wide) in paragraph at lines 110--110
 [] 
 []

[1

{/mnt/ceph/erichs/.TinyTeX/texmf-var/fonts/map/pdftex/updmap/pdftex.map}{/mnt/ceph/erichs/.TinyTeX/texmf-dist/fonts/enc/dvips/lm/lm-ec.enc}] (./Supplemental_Materials.lof
LaTeX Font Info:    External font `lmex10' loaded for size
(Font)              <10> on input line 1.
LaTeX Font Info:    External font `lmex10' loaded for size
(Font)              <7> on input line 1.
LaTeX Font Info:    External font `lmex10' loaded for size
(Font)              <5> on input line 1.
)
\tf@lof=\write4
\openout4 = `Supplemental_Materials.lof'.

(./Supplemental_Materials.lot [2])
\tf@lot=\write5
\openout5 = `Supplemental_Materials.lot'.

[3]
<Figure1.png, id=76, 648.24pt x 472.602pt>
File: Figure1.png Graphic file (type png)
<use Figure1.png>
Package pdftex.def Info: Figure1.png  used on input line 126.
(pdftex.def)             Requested size: 352.3194pt x 256.85988pt.
[4
pdfTeX warning (ext4): destination with the same identifier (name{figure.1}) has been already used, duplicate ignored
<argument> ...shipout:D \box_use:N \l_shipout_box 
                                                  \__shipout_drop_firstpage_...
l.132 \newpage
               <./Figure1.png>]
Overfull \hbox (52.24498pt too wide) in paragraph at lines 138--169
[][] 
 []


Overfull \hbox (52.24498pt too wide) in paragraph at lines 175--204
[][] 
 []


Overfull \hbox (52.24498pt too wide) in paragraph at lines 210--239
[][] 
 []

[5
pdfTeX warning (ext4): destination with the same identifier (name{table.1}) has been already used, duplicate ignored
<argument> ...shipout:D \box_use:N \l_shipout_box 
                                                  \__shipout_drop_firstpage_...
l.242 \begin{landscape}
                       
pdfTeX warning (ext4): destination with the same identifier (name{table.2}) has been already used, duplicate ignored
<argument> ...shipout:D \box_use:N \l_shipout_box 
                                                  \__shipout_drop_firstpage_...
l.242 \begin{landscape}
                       
pdfTeX warning (ext4): destination with the same identifier (name{table.3}) has been already used, duplicate ignored
<argument> ...shipout:D \box_use:N \l_shipout_box 
                                                  \__shipout_drop_firstpage_...
l.242 \begin{landscape}
                       ]
Overfull \hbox (38.3149pt too wide) in paragraph at lines 248--311
[][] 
 []


LaTeX Warning: Float too large for page by 54.93372pt on input line 311.

[6
pdfTeX warning (ext4): destination with the same identifier (name{table.4}) has been already used, duplicate ignored
<argument> ...shipout:D \box_use:N \l_shipout_box 
                                                  \__shipout_drop_firstpage_...
l.313 \end{landscape}
                     ]
Overfull \hbox (7.58525pt too wide) in paragraph at lines 324--324
[]|\T1/lmr/bx/n/7 Factors/Items|  
 []

[7
pdfTeX warning (ext4): destination with the same identifier (name{table.5}) has been already used, duplicate ignored
<argument> ...shipout:D \box_use:N \l_shipout_box 
                                                  \__shipout_drop_firstpage_...
l.409 \begin{landscape}
                       ]
<Supplemental_Materials_files/figure-latex/unnamed-chunk-5-1.pdf, id=100, 794.97pt x 542.025pt>
File: Supplemental_Materials_files/figure-latex/unnamed-chunk-5-1.pdf Graphic file (type pdf)
<use Supplemental_Materials_files/figure-latex/unnamed-chunk-5-1.pdf>
Package pdftex.def Info: Supplemental_Materials_files/figure-latex/unnamed-chunk-5-1.pdf  used on input line 416.
(pdftex.def)             Requested size: 469.76819pt x 320.29648pt.
[8





pdfTeX warning (ext4): destination with the same identifier (name{figure.2}) has been already used, duplicate ignored
<argument> ...shipout:D \box_use:N \l_shipout_box 
                                                  \__shipout_drop_firstpage_...
l.423 \newpage
               <./Supplemental_Materials_files/figure-latex/unnamed-chunk-5-1.pdf>]
<Supplemental_Materials_files/figure-latex/unnamed-chunk-6-1.pdf, id=113, 794.97pt x 542.025pt>
File: Supplemental_Materials_files/figure-latex/unnamed-chunk-6-1.pdf Graphic file (type pdf)
<use Supplemental_Materials_files/figure-latex/unnamed-chunk-6-1.pdf>
Package pdftex.def Info: Supplemental_Materials_files/figure-latex/unnamed-chunk-6-1.pdf  used on input line 427.
(pdftex.def)             Requested size: 469.76819pt x 320.29648pt.
[9
pdfTeX warning (ext4): destination with the same identifier (name{figure.3}) has been already used, duplicate ignored
<argument> ...shipout:D \box_use:N \l_shipout_box 
                                                  \__shipout_drop_firstpage_...
l.434 \newpage
               <./Supplemental_Materials_files/figure-latex/unnamed-chunk-6-1.pdf>]
<Supplemental_Materials_files/figure-latex/unnamed-chunk-7-1.pdf, id=126, 794.97pt x 542.025pt>
File: Supplemental_Materials_files/figure-latex/unnamed-chunk-7-1.pdf Graphic file (type pdf)
<use Supplemental_Materials_files/figure-latex/unnamed-chunk-7-1.pdf>
Package pdftex.def Info: Supplemental_Materials_files/figure-latex/unnamed-chunk-7-1.pdf  used on input line 438.
(pdftex.def)             Requested size: 469.76819pt x 320.29648pt.
[10
pdfTeX warning (ext4): destination with the same identifier (name{figure.4}) has been already used, duplicate ignored
<argument> ...shipout:D \box_use:N \l_shipout_box 
                                                  \__shipout_drop_firstpage_...
l.445 \newpage
               <./Supplemental_Materials_files/figure-latex/unnamed-chunk-7-1.pdf>]
<Supplemental_Materials_files/figure-latex/unnamed-chunk-8-1.pdf, id=139, 794.97pt x 542.025pt>
File: Supplemental_Materials_files/figure-latex/unnamed-chunk-8-1.pdf Graphic file (type pdf)
<use Supplemental_Materials_files/figure-latex/unnamed-chunk-8-1.pdf>
Package pdftex.def Info: Supplemental_Materials_files/figure-latex/unnamed-chunk-8-1.pdf  used on input line 449.
(pdftex.def)             Requested size: 469.76819pt x 320.29648pt.
[11
pdfTeX warning (ext4): destination with the same identifier (name{figure.5}) has been already used, duplicate ignored
<argument> ...shipout:D \box_use:N \l_shipout_box 
                                                  \__shipout_drop_firstpage_...
l.456 \newpage
               <./Supplemental_Materials_files/figure-latex/unnamed-chunk-8-1.pdf>]
<Supplemental_Materials_files/figure-latex/unnamed-chunk-9-1.pdf, id=153, 794.97pt x 542.025pt>
File: Supplemental_Materials_files/figure-latex/unnamed-chunk-9-1.pdf Graphic file (type pdf)
<use Supplemental_Materials_files/figure-latex/unnamed-chunk-9-1.pdf>
Package pdftex.def Info: Supplemental_Materials_files/figure-latex/unnamed-chunk-9-1.pdf  used on input line 460.
(pdftex.def)             Requested size: 469.76819pt x 320.29648pt.
[12
pdfTeX warning (ext4): destination with the same identifier (name{figure.6}) has been already used, duplicate ignored
<argument> ...shipout:D \box_use:N \l_shipout_box 
                                                  \__shipout_drop_firstpage_...
l.467 \newpage
               <./Supplemental_Materials_files/figure-latex/unnamed-chunk-9-1.pdf>]
<Supplemental_Materials_files/figure-latex/unnamed-chunk-10-1.pdf, id=166, 794.97pt x 542.025pt>
File: Supplemental_Materials_files/figure-latex/unnamed-chunk-10-1.pdf Graphic file (type pdf)
<use Supplemental_Materials_files/figure-latex/unnamed-chunk-10-1.pdf>
Package pdftex.def Info: Supplemental_Materials_files/figure-latex/unnamed-chunk-10-1.pdf  used on input line 471.
(pdftex.def)             Requested size: 469.76819pt x 320.29648pt.
[13
pdfTeX warning (ext4): destination with the same identifier (name{figure.7}) has been already used, duplicate ignored
<argument> ...shipout:D \box_use:N \l_shipout_box 
                                                  \__shipout_drop_firstpage_...
l.478 \newpage
               <./Supplemental_Materials_files/figure-latex/unnamed-chunk-10-1.pdf>]
<Supplemental_Materials_files/figure-latex/unnamed-chunk-11-1.pdf, id=180, 794.97pt x 542.025pt>
File: Supplemental_Materials_files/figure-latex/unnamed-chunk-11-1.pdf Graphic file (type pdf)
<use Supplemental_Materials_files/figure-latex/unnamed-chunk-11-1.pdf>
Package pdftex.def Info: Supplemental_Materials_files/figure-latex/unnamed-chunk-11-1.pdf  used on input line 482.
(pdftex.def)             Requested size: 469.76819pt x 320.29648pt.
[14
pdfTeX warning (ext4): destination with the same identifier (name{figure.8}) has been already used, duplicate ignored
<argument> ...shipout:D \box_use:N \l_shipout_box 
                                                  \__shipout_drop_firstpage_...
l.489 \newpage
               <./Supplemental_Materials_files/figure-latex/unnamed-chunk-11-1.pdf>]
<Supplemental_Materials_files/figure-latex/unnamed-chunk-12-1.pdf, id=193, 794.97pt x 542.025pt>
File: Supplemental_Materials_files/figure-latex/unnamed-chunk-12-1.pdf Graphic file (type pdf)
<use Supplemental_Materials_files/figure-latex/unnamed-chunk-12-1.pdf>
Package pdftex.def Info: Supplemental_Materials_files/figure-latex/unnamed-chunk-12-1.pdf  used on input line 493.
(pdftex.def)             Requested size: 469.76819pt x 320.29648pt.
[15
pdfTeX warning (ext4): destination with the same identifier (name{figure.9}) has been already used, duplicate ignored
<argument> ...shipout:D \box_use:N \l_shipout_box 
                                                  \__shipout_drop_firstpage_...
l.500 \newpage
               <./Supplemental_Materials_files/figure-latex/unnamed-chunk-12-1.pdf>]
<Supplemental_Materials_files/figure-latex/unnamed-chunk-14-1.pdf, id=206, 758.835pt x 542.025pt>
File: Supplemental_Materials_files/figure-latex/unnamed-chunk-14-1.pdf Graphic file (type pdf)
<use Supplemental_Materials_files/figure-latex/unnamed-chunk-14-1.pdf>
Package pdftex.def Info: Supplemental_Materials_files/figure-latex/unnamed-chunk-14-1.pdf  used on input line 504.
(pdftex.def)             Requested size: 469.76654pt x 335.54752pt.
[16
pdfTeX warning (ext4): destination with the same identifier (name{figure.10}) has been already used, duplicate ignored
<argument> ...shipout:D \box_use:N \l_shipout_box 
                                                  \__shipout_drop_firstpage_...
l.511 \newpage
               <./Supplemental_Materials_files/figure-latex/unnamed-chunk-14-1.pdf>]
<Supplemental_Materials_files/figure-latex/unnamed-chunk-15-1.pdf, id=219, 758.835pt x 542.025pt>
File: Supplemental_Materials_files/figure-latex/unnamed-chunk-15-1.pdf Graphic file (type pdf)
<use Supplemental_Materials_files/figure-latex/unnamed-chunk-15-1.pdf>
Package pdftex.def Info: Supplemental_Materials_files/figure-latex/unnamed-chunk-15-1.pdf  used on input line 515.
(pdftex.def)             Requested size: 469.76654pt x 335.54752pt.
[17
pdfTeX warning (ext4): destination with the same identifier (name{figure.11}) has been already used, duplicate ignored
<argument> ...shipout:D \box_use:N \l_shipout_box 
                                                  \__shipout_drop_firstpage_...
l.522 \newpage
               <./Supplemental_Materials_files/figure-latex/unnamed-chunk-15-1.pdf>]
<Supplemental_Materials_files/figure-latex/unnamed-chunk-17-1.pdf, id=232, 1120.185pt x 542.025pt>
File: Supplemental_Materials_files/figure-latex/unnamed-chunk-17-1.pdf Graphic file (type pdf)
<use Supplemental_Materials_files/figure-latex/unnamed-chunk-17-1.pdf>
Package pdftex.def Info: Supplemental_Materials_files/figure-latex/unnamed-chunk-17-1.pdf  used on input line 530.
(pdftex.def)             Requested size: 650.45984pt x 314.73862pt.
[18


pdfTeX warning (ext4): destination with the same identifier (name{figure.12}) has been already used, duplicate ignored
<argument> ...shipout:D \box_use:N \l_shipout_box 
                                                  \__shipout_drop_firstpage_...
l.537 \end{landscape}
                      <./Supplemental_Materials_files/figure-latex/unnamed-chunk-17-1.pdf>]
<Supplemental_Materials_files/figure-latex/unnamed-chunk-18-1.pdf, id=245, 1120.185pt x 542.025pt>
File: Supplemental_Materials_files/figure-latex/unnamed-chunk-18-1.pdf Graphic file (type pdf)
<use Supplemental_Materials_files/figure-latex/unnamed-chunk-18-1.pdf>
Package pdftex.def Info: Supplemental_Materials_files/figure-latex/unnamed-chunk-18-1.pdf  used on input line 545.
(pdftex.def)             Requested size: 650.45984pt x 314.73862pt.
[19



pdfTeX warning (ext4): destination with the same identifier (name{figure.13}) has been already used, duplicate ignored
<argument> ...shipout:D \box_use:N \l_shipout_box 
                                                  \__shipout_drop_firstpage_...
l.552 \end{landscape}
                      <./Supplemental_Materials_files/figure-latex/unnamed-chunk-18-1.pdf>] [20


pdfTeX warning (ext4): destination with the same identifier (name{table.6}) has been already used, duplicate ignored
<argument> ...shipout:D \box_use:N \l_shipout_box 
                                                  \__shipout_drop_firstpage_...
l.626 \newpage
              
pdfTeX warning (ext4): destination with the same identifier (name{table.7}) has been already used, duplicate ignored
<argument> ...shipout:D \box_use:N \l_shipout_box 
                                                  \__shipout_drop_firstpage_...
l.626 \newpage
              ]
<Supplemental_Materials_files/figure-latex/unnamed-chunk-23-1.pdf, id=263, 1156.32pt x 614.295pt>
File: Supplemental_Materials_files/figure-latex/unnamed-chunk-23-1.pdf Graphic file (type pdf)
<use Supplemental_Materials_files/figure-latex/unnamed-chunk-23-1.pdf>
Package pdftex.def Info: Supplemental_Materials_files/figure-latex/unnamed-chunk-23-1.pdf  used on input line 630.
(pdftex.def)             Requested size: 469.75385pt x 249.55672pt.
[21
pdfTeX warning (ext4): destination with the same identifier (name{figure.14}) has been already used, duplicate ignored
<argument> ...shipout:D \box_use:N \l_shipout_box 
                                                  \__shipout_drop_firstpage_...
l.637 \newpage
               <./Supplemental_Materials_files/figure-latex/unnamed-chunk-23-1.pdf>]
<Supplemental_Materials_files/figure-latex/unnamed-chunk-24-1.pdf, id=276, 1156.32pt x 614.295pt>
File: Supplemental_Materials_files/figure-latex/unnamed-chunk-24-1.pdf Graphic file (type pdf)
<use Supplemental_Materials_files/figure-latex/unnamed-chunk-24-1.pdf>
Package pdftex.def Info: Supplemental_Materials_files/figure-latex/unnamed-chunk-24-1.pdf  used on input line 641.
(pdftex.def)             Requested size: 469.75385pt x 249.55672pt.
[22
pdfTeX warning (ext4): destination with the same identifier (name{figure.15}) has been already used, duplicate ignored
<argument> ...shipout:D \box_use:N \l_shipout_box 
                                                  \__shipout_drop_firstpage_...
l.648 \newpage
               <./Supplemental_Materials_files/figure-latex/unnamed-chunk-24-1.pdf>]
<Supplemental_Materials_files/figure-latex/unnamed-chunk-25-1.pdf, id=290, 1156.32pt x 614.295pt>
File: Supplemental_Materials_files/figure-latex/unnamed-chunk-25-1.pdf Graphic file (type pdf)
<use Supplemental_Materials_files/figure-latex/unnamed-chunk-25-1.pdf>
Package pdftex.def Info: Supplemental_Materials_files/figure-latex/unnamed-chunk-25-1.pdf  used on input line 652.
(pdftex.def)             Requested size: 469.75385pt x 249.55672pt.
[23
pdfTeX warning (ext4): destination with the same identifier (name{figure.16}) has been already used, duplicate ignored
<argument> ...shipout:D \box_use:N \l_shipout_box 
                                                  \__shipout_drop_firstpage_...
l.659 \newpage
               <./Supplemental_Materials_files/figure-latex/unnamed-chunk-25-1.pdf>]
<Supplemental_Materials_files/figure-latex/unnamed-chunk-26-1.pdf, id=303, 1156.32pt x 614.295pt>
File: Supplemental_Materials_files/figure-latex/unnamed-chunk-26-1.pdf Graphic file (type pdf)
<use Supplemental_Materials_files/figure-latex/unnamed-chunk-26-1.pdf>
Package pdftex.def Info: Supplemental_Materials_files/figure-latex/unnamed-chunk-26-1.pdf  used on input line 663.
(pdftex.def)             Requested size: 469.75385pt x 249.55672pt.
[24
pdfTeX warning (ext4): destination with the same identifier (name{figure.17}) has been already used, duplicate ignored
<argument> ...shipout:D \box_use:N \l_shipout_box 
                                                  \__shipout_drop_firstpage_...
l.670 \end{document}
                     <./Supplemental_Materials_files/figure-latex/unnamed-chunk-26-1.pdf>] (./Supplemental_Materials.aux)
 ***********
LaTeX2e <2023-11-01>
L3 programming layer <2024-01-04>
 ***********

LaTeX Warning: There were multiply-defined labels.

Package rerunfilecheck Info: File `Supplemental_Materials.out' has not changed.
(rerunfilecheck)             Checksum: D41D8CD98F00B204E9800998ECF8427E;0.
 ) 
Here is how much of TeX's memory you used:
 12706 strings out of 476132
 204319 string characters out of 5794557
 2016525 words of memory out of 5000000
 34467 multiletter control sequences out of 15000+600000
 609440 words of font info for 77 fonts, out of 8000000 for 9000
 14 hyphenation exceptions out of 8191
 75i,12n,79p,526b,474s stack positions out of 10000i,1000n,20000p,200000b,200000s
</mnt/ceph/erichs/.TinyTeX/texmf-dist/fonts/type1/public/lm/lmbx12.pfb></mnt/ceph/erichs/.TinyTeX/texmf-dist/fonts/type1/public/lm/lmbx7.pfb></mnt/ceph/erichs/.TinyTeX/texmf-dist/fonts/type1/public/lm/lmbx8.pfb></mnt/ceph/erichs/.TinyTeX/texmf-dist/fonts/type1/public/lm/lmr10.pfb></mnt/ceph/erichs/.TinyTeX/texmf-dist/fonts/type1/public/lm/lmr12.pfb></mnt/ceph/erichs/.TinyTeX/texmf-dist/fonts/type1/public/lm/lmr17.pfb></mnt/ceph/erichs/.TinyTeX/texmf-dist/fonts/type1/public/lm/lmr7.pfb></mnt/ceph/erichs/.TinyTeX/texmf-dist/fonts/type1/public/lm/lmr8.pfb>
Output written on Supplemental_Materials.pdf (24 pages, 663731 bytes).
PDF statistics:
 365 PDF objects out of 1000 (max. 8388607)
 270 compressed objects within 3 object streams
 51 named destinations out of 1000 (max. 500000)
 86 words of extra memory for PDF output out of 10000 (max. 10000000)

